TN:
SF:C:/Projects/temp/movie-tracker/src/polyfills.ts
FNF:0
FNH:0
DA:46,1
DA:74,1
LF:2
LH:2
BRF:0
BRH:0
end_of_record
TN:
SF:C:/Projects/temp/movie-tracker/src/test.ts
FNF:0
FNH:0
DA:3,1
DA:4,1
DA:5,1
DA:13,1
DA:18,1
DA:20,1
LF:6
LH:6
BRF:0
BRH:0
end_of_record
TN:
SF:C:/Projects/temp/movie-tracker/src/app/app.component.ts
FN:8,(anonymous_1)
FN:3,AppComponent
FNF:2
FNH:2
FNDA:1,(anonymous_1)
FNDA:1,AppComponent
DA:1,1
DA:8,1
DA:9,1
DA:10,1
LF:4
LH:4
BRF:0
BRH:0
end_of_record
TN:
SF:C:/Projects/temp/movie-tracker/src/app/material/material.module.ts
FN:44,(anonymous_1)
FNF:1
FNH:1
FNDA:17,(anonymous_1)
DA:1,1
DA:2,1
DA:44,1
LF:3
LH:3
BRF:0
BRH:0
end_of_record
TN:
SF:C:/Projects/temp/movie-tracker/src/app/models/data.ts
FNF:0
FNH:0
DA:3,1
DA:24,1
LF:2
LH:2
BRF:0
BRH:0
end_of_record
TN:
SF:C:/Projects/temp/movie-tracker/src/app/movie-list/movie-list.component.ts
FN:13,(anonymous_2)
FN:21,MovieListComponent
FN:27,(anonymous_4)
FN:28,(anonymous_5)
FN:43,(anonymous_6)
FN:44,(anonymous_7)
FN:46,(anonymous_8)
FN:47,(anonymous_9)
FN:53,(anonymous_10)
FN:54,(anonymous_11)
FN:60,(anonymous_12)
FN:66,(anonymous_13)
FN:73,(anonymous_14)
FN:80,(anonymous_15)
FNF:14
FNH:14
FNDA:1,(anonymous_2)
FNDA:16,MovieListComponent
FNDA:9,(anonymous_4)
FNDA:9,(anonymous_5)
FNDA:15,(anonymous_6)
FNDA:15,(anonymous_7)
FNDA:2,(anonymous_8)
FNDA:2,(anonymous_9)
FNDA:2,(anonymous_10)
FNDA:2,(anonymous_11)
FNDA:1,(anonymous_12)
FNDA:3,(anonymous_13)
FNDA:3,(anonymous_14)
FNDA:4,(anonymous_15)
DA:1,1
DA:3,1
DA:4,1
DA:5,1
DA:6,1
DA:13,1
DA:17,16
DA:18,16
DA:19,16
DA:22,16
DA:23,16
DA:24,16
DA:27,9
DA:28,9
DA:29,9
DA:32,9
DA:37,9
DA:43,15
DA:44,15
DA:46,2
DA:47,2
DA:48,2
DA:49,2
DA:53,2
DA:54,2
DA:55,2
DA:56,2
DA:60,1
DA:61,1
DA:62,1
DA:63,1
DA:66,3
DA:67,3
DA:73,3
DA:74,3
DA:75,3
DA:76,3
DA:80,1
DA:81,4
DA:82,4
DA:84,1
LF:41
LH:41
BRF:0
BRH:0
end_of_record
TN:
SF:C:/Projects/temp/movie-tracker/src/app/shared/movie.service.ts
FN:9,(anonymous_2)
FN:11,MovieService
FN:13,(anonymous_4)
FN:14,(anonymous_5)
FN:20,(anonymous_6)
FN:22,(anonymous_7)
FN:28,(anonymous_8)
FN:29,(anonymous_9)
FN:31,(anonymous_10)
FN:42,(anonymous_11)
FN:43,(anonymous_12)
FN:45,(anonymous_13)
FNF:12
FNH:12
FNDA:1,(anonymous_2)
FNDA:8,MovieService
FNDA:1,(anonymous_4)
FNDA:1,(anonymous_5)
FNDA:1,(anonymous_6)
FNDA:1,(anonymous_7)
FNDA:3,(anonymous_8)
FNDA:3,(anonymous_9)
FNDA:3,(anonymous_10)
FNDA:1,(anonymous_11)
FNDA:4,(anonymous_12)
FNDA:1,(anonymous_13)
DA:1,1
DA:3,1
DA:4,1
DA:9,1
DA:13,1
DA:14,1
DA:15,1
DA:16,1
DA:20,1
DA:21,1
DA:22,1
DA:23,1
DA:24,1
DA:28,1
DA:29,3
DA:31,3
DA:32,3
DA:33,1
DA:35,2
DA:36,2
DA:37,2
DA:42,1
DA:43,4
DA:45,1
DA:46,1
DA:47,1
DA:48,1
DA:51,1
LF:28
LH:28
BRDA:32,0,0,1
BRDA:32,0,1,2
BRF:2
BRH:2
end_of_record
